mode: set
github.com/notaryproject/notation-core-go/signature/cose/envelope.go:30.13,32.16 2 1
github.com/notaryproject/notation-core-go/signature/cose/envelope.go:36.2,41.16 3 1
github.com/notaryproject/notation-core-go/signature/cose/envelope.go:45.2,49.16 3 1
github.com/notaryproject/notation-core-go/signature/cose/envelope.go:32.16,33.13 1 0
github.com/notaryproject/notation-core-go/signature/cose/envelope.go:41.16,42.13 1 0
github.com/notaryproject/notation-core-go/signature/cose/envelope.go:49.16,50.13 1 0
github.com/notaryproject/notation-core-go/signature/cose/envelope.go:104.68,106.16 2 1
github.com/notaryproject/notation-core-go/signature/cose/envelope.go:109.2,110.16 2 1
github.com/notaryproject/notation-core-go/signature/cose/envelope.go:113.2,116.8 1 1
github.com/notaryproject/notation-core-go/signature/cose/envelope.go:106.16,108.3 1 1
github.com/notaryproject/notation-core-go/signature/cose/envelope.go:110.16,112.3 1 1
github.com/notaryproject/notation-core-go/signature/cose/envelope.go:120.56,122.2 1 1
github.com/notaryproject/notation-core-go/signature/cose/envelope.go:125.82,127.16 2 1
github.com/notaryproject/notation-core-go/signature/cose/envelope.go:130.2,131.23 2 1
github.com/notaryproject/notation-core-go/signature/cose/envelope.go:127.16,129.3 1 1
github.com/notaryproject/notation-core-go/signature/cose/envelope.go:135.68,137.2 1 1
github.com/notaryproject/notation-core-go/signature/cose/envelope.go:144.71,146.49 2 1
github.com/notaryproject/notation-core-go/signature/cose/envelope.go:168.2,168.53 1 1
github.com/notaryproject/notation-core-go/signature/cose/envelope.go:146.49,148.17 2 1
github.com/notaryproject/notation-core-go/signature/cose/envelope.go:151.3,152.17 2 1
github.com/notaryproject/notation-core-go/signature/cose/envelope.go:155.3,156.17 2 1
github.com/notaryproject/notation-core-go/signature/cose/envelope.go:159.3,160.17 2 1
github.com/notaryproject/notation-core-go/signature/cose/envelope.go:163.3,166.9 1 1
github.com/notaryproject/notation-core-go/signature/cose/envelope.go:148.17,150.4 1 1
github.com/notaryproject/notation-core-go/signature/cose/envelope.go:152.17,154.4 1 1
github.com/notaryproject/notation-core-go/signature/cose/envelope.go:156.17,158.4 1 1
github.com/notaryproject/notation-core-go/signature/cose/envelope.go:160.17,162.4 1 0
github.com/notaryproject/notation-core-go/signature/cose/envelope.go:172.67,174.2 1 1
github.com/notaryproject/notation-core-go/signature/cose/envelope.go:181.39,185.2 1 1
github.com/notaryproject/notation-core-go/signature/cose/envelope.go:188.70,190.57 2 1
github.com/notaryproject/notation-core-go/signature/cose/envelope.go:193.2,198.8 1 1
github.com/notaryproject/notation-core-go/signature/cose/envelope.go:190.57,192.3 1 1
github.com/notaryproject/notation-core-go/signature/cose/envelope.go:203.69,206.16 2 1
github.com/notaryproject/notation-core-go/signature/cose/envelope.go:211.2,215.77 3 1
github.com/notaryproject/notation-core-go/signature/cose/envelope.go:220.2,224.59 3 1
github.com/notaryproject/notation-core-go/signature/cose/envelope.go:229.2,235.16 3 1
github.com/notaryproject/notation-core-go/signature/cose/envelope.go:238.2,240.21 2 1
github.com/notaryproject/notation-core-go/signature/cose/envelope.go:206.16,208.3 1 1
github.com/notaryproject/notation-core-go/signature/cose/envelope.go:215.77,217.3 1 1
github.com/notaryproject/notation-core-go/signature/cose/envelope.go:224.59,226.3 1 1
github.com/notaryproject/notation-core-go/signature/cose/envelope.go:235.16,237.3 1 1
github.com/notaryproject/notation-core-go/signature/cose/envelope.go:245.65,247.19 1 1
github.com/notaryproject/notation-core-go/signature/cose/envelope.go:251.2,252.28 2 1
github.com/notaryproject/notation-core-go/signature/cose/envelope.go:255.2,256.9 2 1
github.com/notaryproject/notation-core-go/signature/cose/envelope.go:259.2,260.16 2 1
github.com/notaryproject/notation-core-go/signature/cose/envelope.go:265.2,266.16 2 1
github.com/notaryproject/notation-core-go/signature/cose/envelope.go:269.2,270.16 2 1
github.com/notaryproject/notation-core-go/signature/cose/envelope.go:273.2,274.16 2 1
github.com/notaryproject/notation-core-go/signature/cose/envelope.go:279.2,279.20 1 1
github.com/notaryproject/notation-core-go/signature/cose/envelope.go:247.19,249.3 1 1
github.com/notaryproject/notation-core-go/signature/cose/envelope.go:252.28,254.3 1 1
github.com/notaryproject/notation-core-go/signature/cose/envelope.go:256.9,258.3 1 1
github.com/notaryproject/notation-core-go/signature/cose/envelope.go:260.16,262.3 1 1
github.com/notaryproject/notation-core-go/signature/cose/envelope.go:266.16,268.3 1 1
github.com/notaryproject/notation-core-go/signature/cose/envelope.go:270.16,272.3 1 0
github.com/notaryproject/notation-core-go/signature/cose/envelope.go:274.16,276.3 1 1
github.com/notaryproject/notation-core-go/signature/cose/envelope.go:283.66,285.19 1 1
github.com/notaryproject/notation-core-go/signature/cose/envelope.go:289.2,290.16 2 1
github.com/notaryproject/notation-core-go/signature/cose/envelope.go:293.2,294.16 2 1
github.com/notaryproject/notation-core-go/signature/cose/envelope.go:297.2,300.8 1 1
github.com/notaryproject/notation-core-go/signature/cose/envelope.go:285.19,287.3 1 1
github.com/notaryproject/notation-core-go/signature/cose/envelope.go:290.16,292.3 1 1
github.com/notaryproject/notation-core-go/signature/cose/envelope.go:294.16,296.3 1 1
github.com/notaryproject/notation-core-go/signature/cose/envelope.go:304.58,306.9 2 1
github.com/notaryproject/notation-core-go/signature/cose/envelope.go:309.2,310.41 2 1
github.com/notaryproject/notation-core-go/signature/cose/envelope.go:313.2,316.8 1 1
github.com/notaryproject/notation-core-go/signature/cose/envelope.go:306.9,308.3 1 1
github.com/notaryproject/notation-core-go/signature/cose/envelope.go:310.41,312.3 1 1
github.com/notaryproject/notation-core-go/signature/cose/envelope.go:320.64,325.19 3 1
github.com/notaryproject/notation-core-go/signature/cose/envelope.go:328.2,333.16 3 1
github.com/notaryproject/notation-core-go/signature/cose/envelope.go:338.2,339.28 2 1
github.com/notaryproject/notation-core-go/signature/cose/envelope.go:342.2,343.26 2 1
github.com/notaryproject/notation-core-go/signature/cose/envelope.go:355.2,358.79 2 1
github.com/notaryproject/notation-core-go/signature/cose/envelope.go:364.2,364.25 1 1
github.com/notaryproject/notation-core-go/signature/cose/envelope.go:325.19,327.3 1 1
github.com/notaryproject/notation-core-go/signature/cose/envelope.go:333.16,335.3 1 1
github.com/notaryproject/notation-core-go/signature/cose/envelope.go:339.28,341.3 1 1
github.com/notaryproject/notation-core-go/signature/cose/envelope.go:343.26,345.10 2 1
github.com/notaryproject/notation-core-go/signature/cose/envelope.go:348.3,349.17 2 1
github.com/notaryproject/notation-core-go/signature/cose/envelope.go:352.3,352.38 1 1
github.com/notaryproject/notation-core-go/signature/cose/envelope.go:345.10,347.4 1 1
github.com/notaryproject/notation-core-go/signature/cose/envelope.go:349.17,351.4 1 1
github.com/notaryproject/notation-core-go/signature/cose/envelope.go:358.79,360.3 1 1
github.com/notaryproject/notation-core-go/signature/cose/envelope.go:369.83,371.16 2 1
github.com/notaryproject/notation-core-go/signature/cose/envelope.go:374.2,374.50 1 1
github.com/notaryproject/notation-core-go/signature/cose/envelope.go:371.16,373.3 1 1
github.com/notaryproject/notation-core-go/signature/cose/envelope.go:379.90,380.22 1 1
github.com/notaryproject/notation-core-go/signature/cose/envelope.go:381.28,382.23 1 1
github.com/notaryproject/notation-core-go/signature/cose/envelope.go:392.27,393.23 1 1
github.com/notaryproject/notation-core-go/signature/cose/envelope.go:403.10,404.81 1 1
github.com/notaryproject/notation-core-go/signature/cose/envelope.go:383.13,384.35 1 1
github.com/notaryproject/notation-core-go/signature/cose/envelope.go:385.13,386.35 1 1
github.com/notaryproject/notation-core-go/signature/cose/envelope.go:387.13,388.35 1 1
github.com/notaryproject/notation-core-go/signature/cose/envelope.go:389.11,390.117 1 1
github.com/notaryproject/notation-core-go/signature/cose/envelope.go:394.12,395.35 1 1
github.com/notaryproject/notation-core-go/signature/cose/envelope.go:396.12,397.35 1 1
github.com/notaryproject/notation-core-go/signature/cose/envelope.go:398.12,399.35 1 1
github.com/notaryproject/notation-core-go/signature/cose/envelope.go:400.11,401.116 1 1
github.com/notaryproject/notation-core-go/signature/cose/envelope.go:410.57,411.59 1 1
github.com/notaryproject/notation-core-go/signature/cose/envelope.go:414.2,414.32 1 1
github.com/notaryproject/notation-core-go/signature/cose/envelope.go:411.59,413.3 1 1
github.com/notaryproject/notation-core-go/signature/cose/envelope.go:419.97,426.9 4 1
github.com/notaryproject/notation-core-go/signature/cose/envelope.go:429.2,430.16 2 1
github.com/notaryproject/notation-core-go/signature/cose/envelope.go:433.2,434.57 2 1
github.com/notaryproject/notation-core-go/signature/cose/envelope.go:439.2,439.26 1 1
github.com/notaryproject/notation-core-go/signature/cose/envelope.go:449.2,449.51 1 1
github.com/notaryproject/notation-core-go/signature/cose/envelope.go:460.2,462.12 2 1
github.com/notaryproject/notation-core-go/signature/cose/envelope.go:426.9,428.3 1 1
github.com/notaryproject/notation-core-go/signature/cose/envelope.go:430.16,432.3 1 0
github.com/notaryproject/notation-core-go/signature/cose/envelope.go:434.57,436.3 1 1
github.com/notaryproject/notation-core-go/signature/cose/envelope.go:439.26,442.17 3 1
github.com/notaryproject/notation-core-go/signature/cose/envelope.go:445.3,445.47 1 1
github.com/notaryproject/notation-core-go/signature/cose/envelope.go:442.17,444.4 1 0
github.com/notaryproject/notation-core-go/signature/cose/envelope.go:449.51,450.38 1 1
github.com/notaryproject/notation-core-go/signature/cose/envelope.go:453.3,453.19 1 1
github.com/notaryproject/notation-core-go/signature/cose/envelope.go:456.3,456.33 1 1
github.com/notaryproject/notation-core-go/signature/cose/envelope.go:450.38,452.4 1 1
github.com/notaryproject/notation-core-go/signature/cose/envelope.go:453.19,455.4 1 1
github.com/notaryproject/notation-core-go/signature/cose/envelope.go:467.112,469.28 1 1
github.com/notaryproject/notation-core-go/signature/cose/envelope.go:474.2,476.26 3 1
github.com/notaryproject/notation-core-go/signature/cose/envelope.go:479.2,479.50 1 1
github.com/notaryproject/notation-core-go/signature/cose/envelope.go:469.28,471.3 1 1
github.com/notaryproject/notation-core-go/signature/cose/envelope.go:476.26,478.3 1 1
github.com/notaryproject/notation-core-go/signature/cose/envelope.go:484.130,487.16 2 1
github.com/notaryproject/notation-core-go/signature/cose/envelope.go:492.2,493.16 2 1
github.com/notaryproject/notation-core-go/signature/cose/envelope.go:496.2,497.9 2 1
github.com/notaryproject/notation-core-go/signature/cose/envelope.go:500.2,504.9 3 1
github.com/notaryproject/notation-core-go/signature/cose/envelope.go:507.2,512.9 4 1
github.com/notaryproject/notation-core-go/signature/cose/envelope.go:515.2,516.16 2 1
github.com/notaryproject/notation-core-go/signature/cose/envelope.go:521.2,523.16 2 1
github.com/notaryproject/notation-core-go/signature/cose/envelope.go:526.2,529.47 2 1
github.com/notaryproject/notation-core-go/signature/cose/envelope.go:540.2,542.12 2 1
github.com/notaryproject/notation-core-go/signature/cose/envelope.go:487.16,489.3 1 1
github.com/notaryproject/notation-core-go/signature/cose/envelope.go:493.16,495.3 1 1
github.com/notaryproject/notation-core-go/signature/cose/envelope.go:497.9,499.3 1 1
github.com/notaryproject/notation-core-go/signature/cose/envelope.go:504.9,506.3 1 0
github.com/notaryproject/notation-core-go/signature/cose/envelope.go:512.9,514.3 1 1
github.com/notaryproject/notation-core-go/signature/cose/envelope.go:516.16,518.3 1 0
github.com/notaryproject/notation-core-go/signature/cose/envelope.go:523.16,525.3 1 1
github.com/notaryproject/notation-core-go/signature/cose/envelope.go:529.47,533.17 2 1
github.com/notaryproject/notation-core-go/signature/cose/envelope.go:536.3,536.46 1 1
github.com/notaryproject/notation-core-go/signature/cose/envelope.go:533.17,535.4 1 1
github.com/notaryproject/notation-core-go/signature/cose/envelope.go:549.81,552.16 2 1
github.com/notaryproject/notation-core-go/signature/cose/envelope.go:557.2,560.9 4 1
github.com/notaryproject/notation-core-go/signature/cose/envelope.go:563.2,563.91 1 1
github.com/notaryproject/notation-core-go/signature/cose/envelope.go:566.2,566.47 1 1
github.com/notaryproject/notation-core-go/signature/cose/envelope.go:571.2,571.31 1 1
github.com/notaryproject/notation-core-go/signature/cose/envelope.go:574.2,574.30 1 1
github.com/notaryproject/notation-core-go/signature/cose/envelope.go:583.2,586.31 3 1
github.com/notaryproject/notation-core-go/signature/cose/envelope.go:593.2,593.35 1 1
github.com/notaryproject/notation-core-go/signature/cose/envelope.go:552.16,554.3 1 1
github.com/notaryproject/notation-core-go/signature/cose/envelope.go:560.9,562.3 1 1
github.com/notaryproject/notation-core-go/signature/cose/envelope.go:563.91,565.3 1 1
github.com/notaryproject/notation-core-go/signature/cose/envelope.go:566.47,568.3 1 1
github.com/notaryproject/notation-core-go/signature/cose/envelope.go:571.31,573.3 1 1
github.com/notaryproject/notation-core-go/signature/cose/envelope.go:574.30,576.33 2 1
github.com/notaryproject/notation-core-go/signature/cose/envelope.go:579.3,579.131 1 1
github.com/notaryproject/notation-core-go/signature/cose/envelope.go:576.33,578.4 1 1
github.com/notaryproject/notation-core-go/signature/cose/envelope.go:586.31,587.37 1 1
github.com/notaryproject/notation-core-go/signature/cose/envelope.go:590.3,590.63 1 1
github.com/notaryproject/notation-core-go/signature/cose/envelope.go:587.37,588.12 1 1
github.com/notaryproject/notation-core-go/signature/cose/envelope.go:598.133,600.9 2 1
github.com/notaryproject/notation-core-go/signature/cose/envelope.go:603.2,604.44 2 1
github.com/notaryproject/notation-core-go/signature/cose/envelope.go:611.2,611.26 1 1
github.com/notaryproject/notation-core-go/signature/cose/envelope.go:600.9,602.3 1 0
github.com/notaryproject/notation-core-go/signature/cose/envelope.go:604.44,610.3 1 1
github.com/notaryproject/notation-core-go/signature/cose/envelope.go:615.52,616.22 1 1
github.com/notaryproject/notation-core-go/signature/cose/envelope.go:621.2,621.14 1 1
github.com/notaryproject/notation-core-go/signature/cose/envelope.go:616.22,617.13 1 1
github.com/notaryproject/notation-core-go/signature/cose/envelope.go:617.13,619.4 1 1
github.com/notaryproject/notation-core-go/signature/cose/envelope.go:626.55,628.16 2 1
github.com/notaryproject/notation-core-go/signature/cose/envelope.go:632.2,632.39 1 1
github.com/notaryproject/notation-core-go/signature/cose/envelope.go:628.16,630.3 1 0
github.com/notaryproject/notation-core-go/signature/cose/envelope.go:637.61,640.16 3 1
github.com/notaryproject/notation-core-go/signature/cose/envelope.go:644.2,644.15 1 1
github.com/notaryproject/notation-core-go/signature/cose/envelope.go:640.16,642.3 1 1
github.com/notaryproject/notation-core-go/signature/cose/envelope.go:651.58,652.31 1 1
github.com/notaryproject/notation-core-go/signature/cose/envelope.go:662.2,662.58 1 1
github.com/notaryproject/notation-core-go/signature/cose/envelope.go:653.23,654.23 1 1
github.com/notaryproject/notation-core-go/signature/cose/envelope.go:658.17,659.16 1 1
github.com/notaryproject/notation-core-go/signature/cose/envelope.go:665.74,666.19 1 1
github.com/notaryproject/notation-core-go/signature/cose/envelope.go:669.2,674.8 6 1
github.com/notaryproject/notation-core-go/signature/cose/envelope.go:684.2,685.8 2 1
github.com/notaryproject/notation-core-go/signature/cose/envelope.go:695.2,695.12 1 1
github.com/notaryproject/notation-core-go/signature/cose/envelope.go:666.19,668.3 1 1
github.com/notaryproject/notation-core-go/signature/cose/envelope.go:674.8,676.17 2 1
github.com/notaryproject/notation-core-go/signature/cose/envelope.go:679.3,679.26 1 1
github.com/notaryproject/notation-core-go/signature/cose/envelope.go:676.17,678.4 1 0
github.com/notaryproject/notation-core-go/signature/cose/envelope.go:679.26,681.4 1 0
github.com/notaryproject/notation-core-go/signature/cose/envelope.go:685.8,687.17 2 1
github.com/notaryproject/notation-core-go/signature/cose/envelope.go:690.3,690.21 1 1
github.com/notaryproject/notation-core-go/signature/cose/envelope.go:687.17,689.4 1 0
github.com/notaryproject/notation-core-go/signature/cose/envelope.go:690.21,692.4 1 0
github.com/notaryproject/notation-core-go/signature/cose/envelope.go:698.50,701.16 3 1
github.com/notaryproject/notation-core-go/signature/cose/envelope.go:704.2,704.27 1 1
github.com/notaryproject/notation-core-go/signature/cose/envelope.go:701.16,703.3 1 0
