mode: set
github.com/notaryproject/notation-core-go/signature/cose/envelope.go:30.13,32.16 2 1
github.com/notaryproject/notation-core-go/signature/cose/envelope.go:36.2,41.16 3 1
github.com/notaryproject/notation-core-go/signature/cose/envelope.go:45.2,49.16 3 1
github.com/notaryproject/notation-core-go/signature/cose/envelope.go:32.16,33.13 1 0
github.com/notaryproject/notation-core-go/signature/cose/envelope.go:41.16,42.13 1 0
github.com/notaryproject/notation-core-go/signature/cose/envelope.go:49.16,50.13 1 0
github.com/notaryproject/notation-core-go/signature/cose/envelope.go:100.68,102.16 2 1
github.com/notaryproject/notation-core-go/signature/cose/envelope.go:105.2,106.16 2 1
github.com/notaryproject/notation-core-go/signature/cose/envelope.go:109.2,112.8 1 1
github.com/notaryproject/notation-core-go/signature/cose/envelope.go:102.16,104.3 1 1
github.com/notaryproject/notation-core-go/signature/cose/envelope.go:106.16,108.3 1 1
github.com/notaryproject/notation-core-go/signature/cose/envelope.go:116.56,118.2 1 1
github.com/notaryproject/notation-core-go/signature/cose/envelope.go:121.82,123.16 2 1
github.com/notaryproject/notation-core-go/signature/cose/envelope.go:126.2,127.23 2 1
github.com/notaryproject/notation-core-go/signature/cose/envelope.go:123.16,125.3 1 1
github.com/notaryproject/notation-core-go/signature/cose/envelope.go:131.68,133.2 1 1
github.com/notaryproject/notation-core-go/signature/cose/envelope.go:140.71,142.49 2 1
github.com/notaryproject/notation-core-go/signature/cose/envelope.go:164.2,164.53 1 1
github.com/notaryproject/notation-core-go/signature/cose/envelope.go:142.49,144.17 2 1
github.com/notaryproject/notation-core-go/signature/cose/envelope.go:147.3,148.17 2 1
github.com/notaryproject/notation-core-go/signature/cose/envelope.go:151.3,152.17 2 1
github.com/notaryproject/notation-core-go/signature/cose/envelope.go:155.3,156.17 2 1
github.com/notaryproject/notation-core-go/signature/cose/envelope.go:159.3,162.9 1 1
github.com/notaryproject/notation-core-go/signature/cose/envelope.go:144.17,146.4 1 1
github.com/notaryproject/notation-core-go/signature/cose/envelope.go:148.17,150.4 1 1
github.com/notaryproject/notation-core-go/signature/cose/envelope.go:152.17,154.4 1 1
github.com/notaryproject/notation-core-go/signature/cose/envelope.go:156.17,158.4 1 0
github.com/notaryproject/notation-core-go/signature/cose/envelope.go:168.67,170.2 1 1
github.com/notaryproject/notation-core-go/signature/cose/envelope.go:177.39,181.2 1 1
github.com/notaryproject/notation-core-go/signature/cose/envelope.go:184.70,186.57 2 1
github.com/notaryproject/notation-core-go/signature/cose/envelope.go:189.2,194.8 1 1
github.com/notaryproject/notation-core-go/signature/cose/envelope.go:186.57,188.3 1 1
github.com/notaryproject/notation-core-go/signature/cose/envelope.go:199.69,202.16 2 1
github.com/notaryproject/notation-core-go/signature/cose/envelope.go:207.2,211.77 3 1
github.com/notaryproject/notation-core-go/signature/cose/envelope.go:216.2,220.59 3 1
github.com/notaryproject/notation-core-go/signature/cose/envelope.go:225.2,231.16 3 1
github.com/notaryproject/notation-core-go/signature/cose/envelope.go:234.2,236.21 2 1
github.com/notaryproject/notation-core-go/signature/cose/envelope.go:202.16,204.3 1 1
github.com/notaryproject/notation-core-go/signature/cose/envelope.go:211.77,213.3 1 1
github.com/notaryproject/notation-core-go/signature/cose/envelope.go:220.59,222.3 1 1
github.com/notaryproject/notation-core-go/signature/cose/envelope.go:231.16,233.3 1 1
github.com/notaryproject/notation-core-go/signature/cose/envelope.go:241.65,243.19 1 1
github.com/notaryproject/notation-core-go/signature/cose/envelope.go:247.2,248.28 2 1
github.com/notaryproject/notation-core-go/signature/cose/envelope.go:251.2,252.9 2 1
github.com/notaryproject/notation-core-go/signature/cose/envelope.go:255.2,256.16 2 1
github.com/notaryproject/notation-core-go/signature/cose/envelope.go:261.2,262.16 2 1
github.com/notaryproject/notation-core-go/signature/cose/envelope.go:265.2,266.16 2 1
github.com/notaryproject/notation-core-go/signature/cose/envelope.go:269.2,270.16 2 1
github.com/notaryproject/notation-core-go/signature/cose/envelope.go:275.2,275.20 1 1
github.com/notaryproject/notation-core-go/signature/cose/envelope.go:243.19,245.3 1 1
github.com/notaryproject/notation-core-go/signature/cose/envelope.go:248.28,250.3 1 1
github.com/notaryproject/notation-core-go/signature/cose/envelope.go:252.9,254.3 1 1
github.com/notaryproject/notation-core-go/signature/cose/envelope.go:256.16,258.3 1 1
github.com/notaryproject/notation-core-go/signature/cose/envelope.go:262.16,264.3 1 1
github.com/notaryproject/notation-core-go/signature/cose/envelope.go:266.16,268.3 1 0
github.com/notaryproject/notation-core-go/signature/cose/envelope.go:270.16,272.3 1 1
github.com/notaryproject/notation-core-go/signature/cose/envelope.go:279.66,281.19 1 1
github.com/notaryproject/notation-core-go/signature/cose/envelope.go:285.2,286.16 2 1
github.com/notaryproject/notation-core-go/signature/cose/envelope.go:289.2,290.16 2 1
github.com/notaryproject/notation-core-go/signature/cose/envelope.go:293.2,296.8 1 1
github.com/notaryproject/notation-core-go/signature/cose/envelope.go:281.19,283.3 1 1
github.com/notaryproject/notation-core-go/signature/cose/envelope.go:286.16,288.3 1 1
github.com/notaryproject/notation-core-go/signature/cose/envelope.go:290.16,292.3 1 1
github.com/notaryproject/notation-core-go/signature/cose/envelope.go:300.58,302.9 2 1
github.com/notaryproject/notation-core-go/signature/cose/envelope.go:305.2,306.41 2 1
github.com/notaryproject/notation-core-go/signature/cose/envelope.go:309.2,312.8 1 1
github.com/notaryproject/notation-core-go/signature/cose/envelope.go:302.9,304.3 1 1
github.com/notaryproject/notation-core-go/signature/cose/envelope.go:306.41,308.3 1 1
github.com/notaryproject/notation-core-go/signature/cose/envelope.go:316.64,321.19 3 1
github.com/notaryproject/notation-core-go/signature/cose/envelope.go:324.2,329.16 3 1
github.com/notaryproject/notation-core-go/signature/cose/envelope.go:334.2,335.28 2 1
github.com/notaryproject/notation-core-go/signature/cose/envelope.go:338.2,339.26 2 1
github.com/notaryproject/notation-core-go/signature/cose/envelope.go:351.2,354.79 2 1
github.com/notaryproject/notation-core-go/signature/cose/envelope.go:360.2,360.25 1 1
github.com/notaryproject/notation-core-go/signature/cose/envelope.go:321.19,323.3 1 1
github.com/notaryproject/notation-core-go/signature/cose/envelope.go:329.16,331.3 1 1
github.com/notaryproject/notation-core-go/signature/cose/envelope.go:335.28,337.3 1 1
github.com/notaryproject/notation-core-go/signature/cose/envelope.go:339.26,341.10 2 1
github.com/notaryproject/notation-core-go/signature/cose/envelope.go:344.3,345.17 2 1
github.com/notaryproject/notation-core-go/signature/cose/envelope.go:348.3,348.38 1 1
github.com/notaryproject/notation-core-go/signature/cose/envelope.go:341.10,343.4 1 1
github.com/notaryproject/notation-core-go/signature/cose/envelope.go:345.17,347.4 1 1
github.com/notaryproject/notation-core-go/signature/cose/envelope.go:354.79,356.3 1 1
github.com/notaryproject/notation-core-go/signature/cose/envelope.go:365.83,367.16 2 1
github.com/notaryproject/notation-core-go/signature/cose/envelope.go:370.2,370.50 1 1
github.com/notaryproject/notation-core-go/signature/cose/envelope.go:367.16,369.3 1 1
github.com/notaryproject/notation-core-go/signature/cose/envelope.go:375.90,376.22 1 1
github.com/notaryproject/notation-core-go/signature/cose/envelope.go:377.28,378.23 1 1
github.com/notaryproject/notation-core-go/signature/cose/envelope.go:388.27,389.23 1 1
github.com/notaryproject/notation-core-go/signature/cose/envelope.go:399.10,400.81 1 1
github.com/notaryproject/notation-core-go/signature/cose/envelope.go:379.13,380.35 1 1
github.com/notaryproject/notation-core-go/signature/cose/envelope.go:381.13,382.35 1 1
github.com/notaryproject/notation-core-go/signature/cose/envelope.go:383.13,384.35 1 1
github.com/notaryproject/notation-core-go/signature/cose/envelope.go:385.11,386.117 1 1
github.com/notaryproject/notation-core-go/signature/cose/envelope.go:390.12,391.35 1 1
github.com/notaryproject/notation-core-go/signature/cose/envelope.go:392.12,393.35 1 1
github.com/notaryproject/notation-core-go/signature/cose/envelope.go:394.12,395.35 1 1
github.com/notaryproject/notation-core-go/signature/cose/envelope.go:396.11,397.116 1 1
github.com/notaryproject/notation-core-go/signature/cose/envelope.go:406.57,407.59 1 1
github.com/notaryproject/notation-core-go/signature/cose/envelope.go:410.2,410.32 1 1
github.com/notaryproject/notation-core-go/signature/cose/envelope.go:407.59,409.3 1 1
github.com/notaryproject/notation-core-go/signature/cose/envelope.go:415.97,422.9 4 1
github.com/notaryproject/notation-core-go/signature/cose/envelope.go:425.2,426.16 2 1
github.com/notaryproject/notation-core-go/signature/cose/envelope.go:429.2,430.57 2 1
github.com/notaryproject/notation-core-go/signature/cose/envelope.go:435.2,435.26 1 1
github.com/notaryproject/notation-core-go/signature/cose/envelope.go:445.2,445.51 1 1
github.com/notaryproject/notation-core-go/signature/cose/envelope.go:456.2,458.12 2 1
github.com/notaryproject/notation-core-go/signature/cose/envelope.go:422.9,424.3 1 1
github.com/notaryproject/notation-core-go/signature/cose/envelope.go:426.16,428.3 1 0
github.com/notaryproject/notation-core-go/signature/cose/envelope.go:430.57,432.3 1 1
github.com/notaryproject/notation-core-go/signature/cose/envelope.go:435.26,438.17 3 1
github.com/notaryproject/notation-core-go/signature/cose/envelope.go:441.3,441.47 1 1
github.com/notaryproject/notation-core-go/signature/cose/envelope.go:438.17,440.4 1 0
github.com/notaryproject/notation-core-go/signature/cose/envelope.go:445.51,446.38 1 1
github.com/notaryproject/notation-core-go/signature/cose/envelope.go:449.3,449.19 1 1
github.com/notaryproject/notation-core-go/signature/cose/envelope.go:452.3,452.33 1 1
github.com/notaryproject/notation-core-go/signature/cose/envelope.go:446.38,448.4 1 1
github.com/notaryproject/notation-core-go/signature/cose/envelope.go:449.19,451.4 1 1
github.com/notaryproject/notation-core-go/signature/cose/envelope.go:463.112,465.28 1 1
github.com/notaryproject/notation-core-go/signature/cose/envelope.go:470.2,472.26 3 1
github.com/notaryproject/notation-core-go/signature/cose/envelope.go:475.2,475.50 1 1
github.com/notaryproject/notation-core-go/signature/cose/envelope.go:465.28,467.3 1 1
github.com/notaryproject/notation-core-go/signature/cose/envelope.go:472.26,474.3 1 1
github.com/notaryproject/notation-core-go/signature/cose/envelope.go:480.130,483.16 2 1
github.com/notaryproject/notation-core-go/signature/cose/envelope.go:488.2,489.16 2 1
github.com/notaryproject/notation-core-go/signature/cose/envelope.go:492.2,493.9 2 1
github.com/notaryproject/notation-core-go/signature/cose/envelope.go:496.2,503.9 5 1
github.com/notaryproject/notation-core-go/signature/cose/envelope.go:506.2,510.16 3 1
github.com/notaryproject/notation-core-go/signature/cose/envelope.go:515.2,516.16 2 1
github.com/notaryproject/notation-core-go/signature/cose/envelope.go:519.2,522.47 2 1
github.com/notaryproject/notation-core-go/signature/cose/envelope.go:531.2,533.12 2 1
github.com/notaryproject/notation-core-go/signature/cose/envelope.go:483.16,485.3 1 1
github.com/notaryproject/notation-core-go/signature/cose/envelope.go:489.16,491.3 1 1
github.com/notaryproject/notation-core-go/signature/cose/envelope.go:493.9,495.3 1 1
github.com/notaryproject/notation-core-go/signature/cose/envelope.go:503.9,505.3 1 1
github.com/notaryproject/notation-core-go/signature/cose/envelope.go:510.16,512.3 1 1
github.com/notaryproject/notation-core-go/signature/cose/envelope.go:516.16,518.3 1 1
github.com/notaryproject/notation-core-go/signature/cose/envelope.go:522.47,524.17 2 1
github.com/notaryproject/notation-core-go/signature/cose/envelope.go:527.3,527.46 1 1
github.com/notaryproject/notation-core-go/signature/cose/envelope.go:524.17,526.4 1 1
github.com/notaryproject/notation-core-go/signature/cose/envelope.go:540.81,543.16 2 1
github.com/notaryproject/notation-core-go/signature/cose/envelope.go:548.2,551.9 4 1
github.com/notaryproject/notation-core-go/signature/cose/envelope.go:554.2,554.91 1 1
github.com/notaryproject/notation-core-go/signature/cose/envelope.go:557.2,557.47 1 1
github.com/notaryproject/notation-core-go/signature/cose/envelope.go:562.2,562.31 1 1
github.com/notaryproject/notation-core-go/signature/cose/envelope.go:565.2,565.30 1 1
github.com/notaryproject/notation-core-go/signature/cose/envelope.go:574.2,577.31 3 1
github.com/notaryproject/notation-core-go/signature/cose/envelope.go:584.2,584.35 1 1
github.com/notaryproject/notation-core-go/signature/cose/envelope.go:543.16,545.3 1 1
github.com/notaryproject/notation-core-go/signature/cose/envelope.go:551.9,553.3 1 1
github.com/notaryproject/notation-core-go/signature/cose/envelope.go:554.91,556.3 1 1
github.com/notaryproject/notation-core-go/signature/cose/envelope.go:557.47,559.3 1 1
github.com/notaryproject/notation-core-go/signature/cose/envelope.go:562.31,564.3 1 1
github.com/notaryproject/notation-core-go/signature/cose/envelope.go:565.30,567.33 2 1
github.com/notaryproject/notation-core-go/signature/cose/envelope.go:570.3,570.131 1 1
github.com/notaryproject/notation-core-go/signature/cose/envelope.go:567.33,569.4 1 1
github.com/notaryproject/notation-core-go/signature/cose/envelope.go:577.31,578.37 1 1
github.com/notaryproject/notation-core-go/signature/cose/envelope.go:581.3,581.63 1 1
github.com/notaryproject/notation-core-go/signature/cose/envelope.go:578.37,579.12 1 1
github.com/notaryproject/notation-core-go/signature/cose/envelope.go:589.133,593.44 3 1
github.com/notaryproject/notation-core-go/signature/cose/envelope.go:600.2,600.26 1 1
github.com/notaryproject/notation-core-go/signature/cose/envelope.go:593.44,599.3 1 1
github.com/notaryproject/notation-core-go/signature/cose/envelope.go:604.52,605.22 1 1
github.com/notaryproject/notation-core-go/signature/cose/envelope.go:610.2,610.14 1 1
github.com/notaryproject/notation-core-go/signature/cose/envelope.go:605.22,606.13 1 1
github.com/notaryproject/notation-core-go/signature/cose/envelope.go:606.13,608.4 1 1
github.com/notaryproject/notation-core-go/signature/cose/envelope.go:615.55,617.16 2 1
github.com/notaryproject/notation-core-go/signature/cose/envelope.go:621.2,621.39 1 1
github.com/notaryproject/notation-core-go/signature/cose/envelope.go:617.16,619.3 1 0
github.com/notaryproject/notation-core-go/signature/cose/envelope.go:626.61,629.16 3 1
github.com/notaryproject/notation-core-go/signature/cose/envelope.go:633.2,633.15 1 1
github.com/notaryproject/notation-core-go/signature/cose/envelope.go:629.16,631.3 1 1
github.com/notaryproject/notation-core-go/signature/cose/envelope.go:640.58,641.31 1 1
github.com/notaryproject/notation-core-go/signature/cose/envelope.go:648.2,648.58 1 1
github.com/notaryproject/notation-core-go/signature/cose/envelope.go:642.23,643.23 1 1
github.com/notaryproject/notation-core-go/signature/cose/envelope.go:644.17,645.16 1 1
github.com/notaryproject/notation-core-go/signature/cose/envelope.go:653.83,654.28 1 1
github.com/notaryproject/notation-core-go/signature/cose/envelope.go:658.2,660.16 3 1
github.com/notaryproject/notation-core-go/signature/cose/envelope.go:663.2,665.16 3 1
github.com/notaryproject/notation-core-go/signature/cose/envelope.go:670.2,671.16 2 1
github.com/notaryproject/notation-core-go/signature/cose/envelope.go:676.2,676.43 1 1
github.com/notaryproject/notation-core-go/signature/cose/envelope.go:654.28,656.3 1 1
github.com/notaryproject/notation-core-go/signature/cose/envelope.go:660.16,662.3 1 0
github.com/notaryproject/notation-core-go/signature/cose/envelope.go:665.16,667.3 1 0
github.com/notaryproject/notation-core-go/signature/cose/envelope.go:671.16,673.3 1 1
github.com/notaryproject/notation-core-go/signature/cose/envelope.go:680.79,682.8 2 1
github.com/notaryproject/notation-core-go/signature/cose/envelope.go:693.2,693.12 1 1
github.com/notaryproject/notation-core-go/signature/cose/envelope.go:682.8,685.17 3 1
github.com/notaryproject/notation-core-go/signature/cose/envelope.go:688.3,688.25 1 1
github.com/notaryproject/notation-core-go/signature/cose/envelope.go:685.17,687.4 1 1
github.com/notaryproject/notation-core-go/signature/cose/envelope.go:688.25,690.4 1 1
